<?xml version="1.0" encoding="UTF-8"?>
<testsuite xmlns:xsi="http://www.w3.org/2001/XMLSchema-instance" xsi:noNamespaceSchemaLocation="https://maven.apache.org/surefire/maven-surefire-plugin/xsd/surefire-test-report.xsd" version="3.0.2" name="com.perfumes.perfumelandia.UsuarioServiceTest" time="1.939" tests="14" errors="0" skipped="0" failures="0">
  <properties>
[...]
</properties>
  <testcase name="testActualizarUsuarioExistente" classname="com.perfumes.perfumelandia.UsuarioServiceTest" time="1.389"/>
  <testcase name="eliminarUsuario_verificaLlamada" classname="com.perfumes.perfumelandia.UsuarioServiceTest" time="0.004"/>
  <testcase name="eliminarUsuario" classname="com.perfumes.perfumelandia.UsuarioServiceTest" time="0.002"/>
  <testcase name="rolCorrecto" classname="com.perfumes.perfumelandia.UsuarioServiceTest" time="0.461"/>
  <testcase name="crearUsuario_verificaContenidoUsuario" classname="com.perfumes.perfumelandia.UsuarioServiceTest" time="0.004"/>
  <testcase name="obtenerTodos" classname="com.perfumes.perfumelandia.UsuarioServiceTest" time="0.018"/>
  <testcase name="obtenerUsuarioPorId_mapeaCorrectamente" classname="com.perfumes.perfumelandia.UsuarioServiceTest" time="0.004"/>
  <testcase name="nombreCorrecto" classname="com.perfumes.perfumelandia.UsuarioServiceTest" time="0.002"/>
  <testcase name="obtenerPorId_usuarioExiste_retornaDTO" classname="com.perfumes.perfumelandia.UsuarioServiceTest" time="0.003"/>
  <testcase name="obtenerTodos_listaVacia" classname="com.perfumes.perfumelandia.UsuarioServiceTest" time="0.002"/>
  <testcase name="verificarSave" classname="com.perfumes.perfumelandia.UsuarioServiceTest" time="0.004"/>
  <testcase name="crearUsuario_guardadoCorrectamente" classname="com.perfumes.perfumelandia.UsuarioServiceTest" time="0.001"/>
  <testcase name="usuarioNoExiste" classname="com.perfumes.perfumelandia.UsuarioServiceTest" time="0.007"/>
  <testcase name="emailCorrecto" classname="com.perfumes.perfumelandia.UsuarioServiceTest" time="0.003"/>
</testsuite>